4/15/2025, 11:26:57 PM GMT-5 [Modules] Modules initializing
4/15/2025, 11:26:57 PM GMT-5 [Modules] Distribution: remote
4/15/2025, 11:26:57 PM GMT-5 [Modules] Host updates: enabled
4/15/2025, 11:26:57 PM GMT-5 [Modules] Module updates: enabled
4/15/2025, 11:26:57 PM GMT-5 [Modules] Module install path: /home/angelem/.config/discord/0.0.89/modules
4/15/2025, 11:26:57 PM GMT-5 [Modules] Module installed file path: /home/angelem/.config/discord/0.0.89/modules/installed.json
4/15/2025, 11:26:57 PM GMT-5 [Modules] Module download path: /home/angelem/.config/discord/0.0.89/modules/pending
4/15/2025, 11:26:57 PM GMT-5 [Modules] Bootstrapping...
4/15/2025, 11:26:57 PM GMT-5 [Modules] Installing discord_desktop_core@0 from /opt/discord/resources/bootstrap/discord_desktop_core.zip
4/15/2025, 11:26:57 PM GMT-5 [Modules] Failed installing discord_desktop_core@0: Error: ENOENT: no such file or directory, open '/opt/discord/resources/bootstrap/discord_desktop_core.zip'
4/15/2025, 11:26:57 PM GMT-5 [Modules] Installing discord_erlpack@0 from /opt/discord/resources/bootstrap/discord_erlpack.zip
4/15/2025, 11:26:57 PM GMT-5 [Modules] Failed installing discord_erlpack@0: Error: ENOENT: no such file or directory, open '/opt/discord/resources/bootstrap/discord_erlpack.zip'
4/15/2025, 11:26:57 PM GMT-5 [Modules] Installing discord_spellcheck@0 from /opt/discord/resources/bootstrap/discord_spellcheck.zip
4/15/2025, 11:26:57 PM GMT-5 [Modules] Failed installing discord_spellcheck@0: Error: ENOENT: no such file or directory, open '/opt/discord/resources/bootstrap/discord_spellcheck.zip'
4/15/2025, 11:26:57 PM GMT-5 [Modules] Installing discord_utils@0 from /opt/discord/resources/bootstrap/discord_utils.zip
4/15/2025, 11:26:57 PM GMT-5 [Modules] Failed installing discord_utils@0: Error: ENOENT: no such file or directory, open '/opt/discord/resources/bootstrap/discord_utils.zip'
4/15/2025, 11:26:57 PM GMT-5 [Modules] Installing discord_voice@0 from /opt/discord/resources/bootstrap/discord_voice.zip
4/15/2025, 11:26:57 PM GMT-5 [Modules] Failed installing discord_voice@0: Error: ENOENT: no such file or directory, open '/opt/discord/resources/bootstrap/discord_voice.zip'
4/15/2025, 11:26:57 PM GMT-5 [Modules] Installing discord_zstd@0 from /opt/discord/resources/bootstrap/discord_zstd.zip
4/15/2025, 11:26:57 PM GMT-5 [Modules] Failed installing discord_zstd@0: Error: ENOENT: no such file or directory, open '/opt/discord/resources/bootstrap/discord_zstd.zip'
4/15/2025, 11:26:57 PM GMT-5 [Modules] Finished module installations. [success: 0] [failure: 6]
4/15/2025, 11:26:57 PM GMT-5 [Modules] Checking for host updates.
4/15/2025, 11:26:57 PM GMT-5 [Modules] Host update is available. Manual update required!
4/15/2025, 11:27:31 PM GMT-5 [Modules] Modules initializing
4/15/2025, 11:27:31 PM GMT-5 [Modules] Distribution: remote
4/15/2025, 11:27:31 PM GMT-5 [Modules] Host updates: enabled
4/15/2025, 11:27:31 PM GMT-5 [Modules] Module updates: enabled
4/15/2025, 11:27:31 PM GMT-5 [Modules] Module install path: /home/angelem/.config/discord/0.0.89/modules
4/15/2025, 11:27:31 PM GMT-5 [Modules] Module installed file path: /home/angelem/.config/discord/0.0.89/modules/installed.json
4/15/2025, 11:27:31 PM GMT-5 [Modules] Module download path: /home/angelem/.config/discord/0.0.89/modules/pending
4/15/2025, 11:27:31 PM GMT-5 [Modules] No updates to install
4/15/2025, 11:27:31 PM GMT-5 [Modules] Checking for host updates.
4/15/2025, 11:27:31 PM GMT-5 [Modules] Host update is available. Manual update required!
4/15/2025, 11:27:48 PM GMT-5 [Modules] Modules initializing
4/15/2025, 11:27:48 PM GMT-5 [Modules] Distribution: remote
4/15/2025, 11:27:48 PM GMT-5 [Modules] Host updates: enabled
4/15/2025, 11:27:48 PM GMT-5 [Modules] Module updates: enabled
4/15/2025, 11:27:48 PM GMT-5 [Modules] Module install path: /home/angelem/.config/discord/0.0.89/modules
4/15/2025, 11:27:48 PM GMT-5 [Modules] Module installed file path: /home/angelem/.config/discord/0.0.89/modules/installed.json
4/15/2025, 11:27:48 PM GMT-5 [Modules] Module download path: /home/angelem/.config/discord/0.0.89/modules/pending
4/15/2025, 11:27:49 PM GMT-5 [Modules] No updates to install
4/15/2025, 11:27:49 PM GMT-5 [Modules] Checking for host updates.
4/15/2025, 11:27:49 PM GMT-5 [Modules] Host update is available. Manual update required!
