[2025-04-15 23:26:57.259] [info]  DiscordSplash.signalReady
[2025-04-15 23:26:57.270] [info]  DiscordSplash.onStateUpdate: {"status":"installing-updates","current":1,"total":6}
[2025-04-15 23:26:57.270] [info]  Splash.onStateUpdate: {"status":"installing-updates","current":1,"total":6}
[2025-04-15 23:26:57.272] [info]  DiscordSplash.onStateUpdate: {"status":"installing-updates","current":2,"total":6}
[2025-04-15 23:26:57.272] [info]  Splash.onStateUpdate: {"status":"installing-updates","current":2,"total":6}
[2025-04-15 23:26:57.273] [info]  DiscordSplash.onStateUpdate: {"status":"installing-updates","current":3,"total":6}
[2025-04-15 23:26:57.273] [info]  Splash.onStateUpdate: {"status":"installing-updates","current":3,"total":6}
[2025-04-15 23:26:57.274] [info]  DiscordSplash.onStateUpdate: {"status":"installing-updates","current":4,"total":6}
[2025-04-15 23:26:57.274] [info]  Splash.onStateUpdate: {"status":"installing-updates","current":4,"total":6}
[2025-04-15 23:26:57.276] [info]  DiscordSplash.onStateUpdate: {"status":"installing-updates","current":5,"total":6}
[2025-04-15 23:26:57.276] [info]  Splash.onStateUpdate: {"status":"installing-updates","current":5,"total":6}
[2025-04-15 23:26:57.279] [info]  DiscordSplash.onStateUpdate: {"status":"installing-updates","current":6,"total":6}
[2025-04-15 23:26:57.280] [info]  Splash.onStateUpdate: {"status":"installing-updates","current":6,"total":6}
[2025-04-15 23:26:57.280] [info]  DiscordSplash.onStateUpdate: {"status":"checking-for-updates","current":6,"total":6}
[2025-04-15 23:26:57.280] [info]  Splash.onStateUpdate: {"status":"checking-for-updates","current":6,"total":6}
[2025-04-15 23:26:57.659] [info]  DiscordSplash.onStateUpdate: {"status":"update-manually","current":6,"total":6,"newVersion":"0.0.91"}
[2025-04-15 23:26:57.659] [info]  Splash.onStateUpdate: {"status":"update-manually","current":6,"total":6,"newVersion":"0.0.91"}
[2025-04-15 23:26:58.259] [info]  Splash.updateCountdownSeconds: undefined
[2025-04-15 23:26:59.258] [info]  Splash.updateCountdownSeconds: undefined
[2025-04-15 23:27:00.259] [info]  Splash.updateCountdownSeconds: undefined
[2025-04-15 23:27:01.259] [info]  Splash.updateCountdownSeconds: undefined
[2025-04-15 23:27:02.259] [info]  Splash.updateCountdownSeconds: undefined
[2025-04-15 23:27:03.259] [info]  Splash.updateCountdownSeconds: undefined
[2025-04-15 23:27:04.259] [info]  Splash.updateCountdownSeconds: undefined
[2025-04-15 23:27:05.259] [info]  Splash.updateCountdownSeconds: undefined
[2025-04-15 23:27:06.259] [info]  Splash.updateCountdownSeconds: undefined
[2025-04-15 23:27:07.259] [info]  Splash.updateCountdownSeconds: undefined
[2025-04-15 23:27:08.259] [info]  Splash.updateCountdownSeconds: undefined
[2025-04-15 23:27:09.258] [info]  Splash.updateCountdownSeconds: undefined
[2025-04-15 23:27:31.546] [info]  DiscordSplash.signalReady
[2025-04-15 23:27:31.553] [info]  DiscordSplash.onStateUpdate: {"status":"checking-for-updates"}
[2025-04-15 23:27:31.554] [info]  Splash.onStateUpdate: {"status":"checking-for-updates"}
[2025-04-15 23:27:31.990] [info]  DiscordSplash.onStateUpdate: {"status":"update-manually","newVersion":"0.0.91"}
[2025-04-15 23:27:31.991] [info]  Splash.onStateUpdate: {"status":"update-manually","newVersion":"0.0.91"}
[2025-04-15 23:27:32.546] [info]  Splash.updateCountdownSeconds: undefined
[2025-04-15 23:27:33.546] [info]  Splash.updateCountdownSeconds: undefined
[2025-04-15 23:27:49.153] [info]  DiscordSplash.signalReady
[2025-04-15 23:27:49.161] [info]  DiscordSplash.onStateUpdate: {"status":"checking-for-updates"}
[2025-04-15 23:27:49.164] [info]  Splash.onStateUpdate: {"status":"checking-for-updates"}
[2025-04-15 23:27:49.571] [info]  DiscordSplash.onStateUpdate: {"status":"update-manually","newVersion":"0.0.91"}
[2025-04-15 23:27:49.571] [info]  Splash.onStateUpdate: {"status":"update-manually","newVersion":"0.0.91"}
[2025-04-15 23:27:50.153] [info]  Splash.updateCountdownSeconds: undefined
[2025-04-15 23:27:51.153] [info]  Splash.updateCountdownSeconds: undefined
